#
# There is insufficient memory for the Java Runtime Environment to continue.
# Native memory allocation (mmap) failed to map 266338304 bytes for G1 virtual space
# Possible reasons:
#   The system is out of physical RAM or swap space
#   The process is running with CompressedOops enabled, and the Java Heap may be blocking the growth of the native heap
# Possible solutions:
#   Reduce memory load on the system
#   Increase physical memory or swap space
#   Check if swap backing store is full
#   Decrease Java heap size (-Xmx/-Xms)
#   Decrease number of Java threads
#   Decrease Java thread stack sizes (-Xss)
#   Set larger code cache with -XX:ReservedCodeCacheSize=
#   JVM is running with Zero Based Compressed Oops mode in which the Java heap is
#     placed in the first 32GB address space. The Java Heap base address is the
#     maximum limit for the native heap growth. Please use -XX:HeapBaseMinAddress
#     to set the Java Heap base and to place the Java Heap above 32GB virtual address.
# This output file may be truncated or incomplete.
#
#  Out of Memory Error (os_windows.cpp:3532), pid=15264, tid=18000
#
# JRE version:  (17.0.2+8) (build )
# Java VM: OpenJDK 64-Bit Server VM (17.0.2+8-86, mixed mode, sharing, tiered, compressed oops, compressed class ptrs, g1 gc, windows-amd64)
# No core dump will be written. Minidumps are not enabled by default on client versions of Windows
#

---------------  S U M M A R Y ------------

Command Line: -Dmaven.multiModuleProjectDirectory=D:\Novare Potential Training\Project5_Natflix\Natflix-backend\natflix -Djansi.passthrough=true -Dmaven.home=C:\Users\Rohit Agarwal\.m2\wrapper\dists\apache-maven-3.8.7-bin\1ktonn2lleg549uah6ngl1r74r\apache-maven-3.8.7 -Dclassworlds.conf=C:\Users\Rohit Agarwal\.m2\wrapper\dists\apache-maven-3.8.7-bin\1ktonn2lleg549uah6ngl1r74r\apache-maven-3.8.7\bin\m2.conf -Dmaven.ext.class.path=D:\IntelliJ IDEA Community Edition 2023.2\plugins\maven\lib\maven-event-listener.jar -javaagent:D:\IntelliJ IDEA Community Edition 2023.2\lib\idea_rt.jar=51559:D:\IntelliJ IDEA Community Edition 2023.2\bin -Dfile.encoding=UTF-8 org.codehaus.classworlds.Launcher -Didea.version=2023.2 clean

Host: Intel(R) Core(TM) i7-6700HQ CPU @ 2.60GHz, 8 cores, 15G,  Windows 10 , 64 bit Build 19041 (10.0.19041.3393)
Time: Fri Sep 15 17:25:00 2023 W. Europe Daylight Time elapsed time: 2.040253 seconds (0d 0h 0m 2s)

---------------  T H R E A D  ---------------

Current thread (0x000001591ec80d80):  JavaThread "Unknown thread" [_thread_in_vm, id=18000, stack(0x0000000b5d800000,0x0000000b5d900000)]

Stack: [0x0000000b5d800000,0x0000000b5d900000]
Native frames: (J=compiled Java code, j=interpreted, Vv=VM code, C=native code)
V  [jvm.dll+0x670baa]
V  [jvm.dll+0x7cfcb4]
V  [jvm.dll+0x7d145e]
V  [jvm.dll+0x7d1ac3]
V  [jvm.dll+0x242bc5]
V  [jvm.dll+0x66dac9]
V  [jvm.dll+0x662412]
V  [jvm.dll+0x300c0b]
V  [jvm.dll+0x3081a6]
V  [jvm.dll+0x357d0e]
V  [jvm.dll+0x357f3f]
V  [jvm.dll+0x2d7ec8]
V  [jvm.dll+0x2d8e34]
V  [jvm.dll+0x7a18c1]
V  [jvm.dll+0x365a91]
V  [jvm.dll+0x780d2c]
V  [jvm.dll+0x3e845f]
V  [jvm.dll+0x3e9f01]
C  [jli.dll+0x527b]
C  [ucrtbase.dll+0x21bb2]
C  [KERNEL32.DLL+0x17344]
C  [ntdll.dll+0x526b1]


---------------  P R O C E S S  ---------------

Threads class SMR info:
_java_thread_list=0x00007ffeaad09858, length=0, elements={
}

Java Threads: ( => current thread )

Other Threads:
  0x000001591ecd20a0 GCTaskThread "GC Thread#0" [stack: 0x0000000b5d900000,0x0000000b5da00000] [id=19616]
  0x000001591ece2d30 ConcurrentGCThread "G1 Main Marker" [stack: 0x0000000b5da00000,0x0000000b5db00000] [id=15228]
  0x000001591ece3740 ConcurrentGCThread "G1 Conc#0" [stack: 0x0000000b5db00000,0x0000000b5dc00000] [id=9248]

[error occurred during error reporting (printing all threads), id 0xc0000005, EXCEPTION_ACCESS_VIOLATION (0xc0000005) at pc=0x00007ffeaa5588a7]

VM state: not at safepoint (not fully initialized)

VM Mutex/Monitor currently owned by a thread:  ([mutex/lock_event])
[0x000001591ec7abb0] Heap_lock - owner thread: 0x000001591ec80d80

Heap address: 0x0000000702a00000, size: 4054 MB, Compressed Oops mode: Zero based, Oop shift amount: 3

CDS archive(s) mapped at: [0x0000000000000000-0x0000000000000000-0x0000000000000000), size 0, SharedBaseAddress: 0x0000000800000000, ArchiveRelocationMode: 0.
Narrow klass base: 0x0000000000000000, Narrow klass shift: 0, Narrow klass range: 0x0

GC Precious Log:
<Empty>

Heap:
 garbage-first heap   total 0K, used 0K [0x0000000702a00000, 0x0000000800000000)
  region size 2048K, 0 young (0K), 0 survivors (0K)

[error occurred during error reporting (printing heap information), id 0xc0000005, EXCEPTION_ACCESS_VIOLATION (0xc0000005) at pc=0x00007ffeaa939f19]

GC Heap History (0 events):
No events

Deoptimization events (0 events):
No events

Classes unloaded (0 events):
No events

Classes redefined (0 events):
No events

Internal exceptions (0 events):
No events

VM Operations (0 events):
No events

Events (1 events):
Event: 0.011 Loaded shared library C:\Program Files\Java\jdk-17.0.2\bin\java.dll


Dynamic libraries:
0x00007ff6a5710000 - 0x00007ff6a571e000 	C:\Program Files\Java\jdk-17.0.2\bin\java.exe
0x00007fff112f0000 - 0x00007fff114e8000 	C:\WINDOWS\SYSTEM32\ntdll.dll
0x00007fff0f350000 - 0x00007fff0f40d000 	C:\WINDOWS\System32\KERNEL32.DLL
0x00007fff0ef20000 - 0x00007fff0f216000 	C:\WINDOWS\System32\KERNELBASE.dll
0x00007fff0ee20000 - 0x00007fff0ef20000 	C:\WINDOWS\System32\ucrtbase.dll
0x00007fff07c10000 - 0x00007fff07c28000 	C:\Program Files\Java\jdk-17.0.2\bin\jli.dll
0x00007fff07780000 - 0x00007fff0779a000 	C:\Program Files\Java\jdk-17.0.2\bin\VCRUNTIME140.dll
0x00007fff10fe0000 - 0x00007fff1117e000 	C:\WINDOWS\System32\USER32.dll
0x00007fff0eb40000 - 0x00007fff0eb62000 	C:\WINDOWS\System32\win32u.dll
0x00007ffefb5d0000 - 0x00007ffefb86a000 	C:\WINDOWS\WinSxS\amd64_microsoft.windows.common-controls_6595b64144ccf1df_6.0.19041.1110_none_60b5254171f9507e\COMCTL32.dll
0x00007fff10f40000 - 0x00007fff10fde000 	C:\WINDOWS\System32\msvcrt.dll
0x00007fff0f7a0000 - 0x00007fff0f7cc000 	C:\WINDOWS\System32\GDI32.dll
0x00007fff0e9d0000 - 0x00007fff0eaea000 	C:\WINDOWS\System32\gdi32full.dll
0x00007fff0f2b0000 - 0x00007fff0f34d000 	C:\WINDOWS\System32\msvcp_win.dll
0x00007fff10430000 - 0x00007fff10460000 	C:\WINDOWS\System32\IMM32.DLL
0x00007fff09780000 - 0x00007fff0978c000 	C:\Program Files\Java\jdk-17.0.2\bin\vcruntime140_1.dll
0x00007ffee9500000 - 0x00007ffee958d000 	C:\Program Files\Java\jdk-17.0.2\bin\msvcp140.dll
0x00007ffeaa270000 - 0x00007ffeaae31000 	C:\Program Files\Java\jdk-17.0.2\bin\server\jvm.dll
0x00007fff10580000 - 0x00007fff1062e000 	C:\WINDOWS\System32\ADVAPI32.dll
0x00007fff104e0000 - 0x00007fff1057c000 	C:\WINDOWS\System32\sechost.dll
0x00007fff11180000 - 0x00007fff112a6000 	C:\WINDOWS\System32\RPCRT4.dll
0x00007fff10c00000 - 0x00007fff10c08000 	C:\WINDOWS\System32\PSAPI.DLL
0x00007ffeff6b0000 - 0x00007ffeff6d7000 	C:\WINDOWS\SYSTEM32\WINMM.dll
0x00007fff01de0000 - 0x00007fff01dea000 	C:\WINDOWS\SYSTEM32\VERSION.dll
0x00007ffefdf10000 - 0x00007ffefdf19000 	C:\WINDOWS\SYSTEM32\WSOCK32.dll
0x00007fff103b0000 - 0x00007fff1041b000 	C:\WINDOWS\System32\WS2_32.dll
0x00007fff0d1e0000 - 0x00007fff0d1f2000 	C:\WINDOWS\SYSTEM32\kernel.appcore.dll
0x00007ffefd9f0000 - 0x00007ffefd9fa000 	C:\Program Files\Java\jdk-17.0.2\bin\jimage.dll
0x00007fff0cfa0000 - 0x00007fff0d184000 	C:\WINDOWS\SYSTEM32\DBGHELP.DLL
0x00007fff07b50000 - 0x00007fff07b84000 	C:\WINDOWS\SYSTEM32\dbgcore.DLL
0x00007fff0f220000 - 0x00007fff0f2a2000 	C:\WINDOWS\System32\bcryptPrimitives.dll
0x00007fff05b10000 - 0x00007fff05b1e000 	C:\Program Files\Java\jdk-17.0.2\bin\instrument.dll
0x00007ffef42a0000 - 0x00007ffef42c5000 	C:\Program Files\Java\jdk-17.0.2\bin\java.dll

dbghelp: loaded successfully - version: 4.0.5 - missing functions: none
symbol engine: initialized successfully - sym options: 0x614 - pdb path: .;C:\Program Files\Java\jdk-17.0.2\bin;C:\WINDOWS\SYSTEM32;C:\WINDOWS\WinSxS\amd64_microsoft.windows.common-controls_6595b64144ccf1df_6.0.19041.1110_none_60b5254171f9507e;C:\Program Files\Java\jdk-17.0.2\bin\server

VM Arguments:
jvm_args: -Dmaven.multiModuleProjectDirectory=D:\Novare Potential Training\Project5_Natflix\Natflix-backend\natflix -Djansi.passthrough=true -Dmaven.home=C:\Users\Rohit Agarwal\.m2\wrapper\dists\apache-maven-3.8.7-bin\1ktonn2lleg549uah6ngl1r74r\apache-maven-3.8.7 -Dclassworlds.conf=C:\Users\Rohit Agarwal\.m2\wrapper\dists\apache-maven-3.8.7-bin\1ktonn2lleg549uah6ngl1r74r\apache-maven-3.8.7\bin\m2.conf -Dmaven.ext.class.path=D:\IntelliJ IDEA Community Edition 2023.2\plugins\maven\lib\maven-event-listener.jar -javaagent:D:\IntelliJ IDEA Community Edition 2023.2\lib\idea_rt.jar=51559:D:\IntelliJ IDEA Community Edition 2023.2\bin -Dfile.encoding=UTF-8 
java_command: org.codehaus.classworlds.Launcher -Didea.version=2023.2 clean
java_class_path (initial): C:\Users\Rohit Agarwal\.m2\wrapper\dists\apache-maven-3.8.7-bin\1ktonn2lleg549uah6ngl1r74r\apache-maven-3.8.7\boot\plexus-classworlds-2.6.0.jar;C:\Users\Rohit Agarwal\.m2\wrapper\dists\apache-maven-3.8.7-bin\1ktonn2lleg549uah6ngl1r74r\apache-maven-3.8.7\boot\plexus-classworlds.license
Launcher Type: SUN_STANDARD

[Global flags]
     intx CICompilerCount                          = 4                                         {product} {ergonomic}
     uint ConcGCThreads                            = 2                                         {product} {ergonomic}
     uint G1ConcRefinementThreads                  = 8                                         {product} {ergonomic}
   size_t G1HeapRegionSize                         = 2097152                                   {product} {ergonomic}
    uintx GCDrainStackTargetSize                   = 64                                        {product} {ergonomic}
   size_t InitialHeapSize                          = 266338304                                 {product} {ergonomic}
   size_t MarkStackSize                            = 4194304                                   {product} {ergonomic}
   size_t MaxHeapSize                              = 4250927104                                {product} {ergonomic}
   size_t MinHeapDeltaBytes                        = 2097152                                   {product} {ergonomic}
   size_t MinHeapSize                              = 8388608                                   {product} {ergonomic}
    uintx NonNMethodCodeHeapSize                   = 5839372                                {pd product} {ergonomic}
    uintx NonProfiledCodeHeapSize                  = 122909434                              {pd product} {ergonomic}
    uintx ProfiledCodeHeapSize                     = 122909434                              {pd product} {ergonomic}
    uintx ReservedCodeCacheSize                    = 251658240                              {pd product} {ergonomic}
     bool SegmentedCodeCache                       = true                                      {product} {ergonomic}
   size_t SoftMaxHeapSize                          = 4250927104                             {manageable} {ergonomic}
     bool UseCompressedClassPointers               = true                           {product lp64_product} {ergonomic}
     bool UseCompressedOops                        = true                           {product lp64_product} {ergonomic}
     bool UseG1GC                                  = true                                      {product} {ergonomic}
     bool UseLargePagesIndividualAllocation        = false                                  {pd product} {ergonomic}

Logging:
Log output configuration:
 #0: stdout all=warning uptime,level,tags
 #1: stderr all=off uptime,level,tags

Environment Variables:
JAVA_HOME=C:\Program Files\Java\jdk-17.0.2
PATH=C:\Program Files\Common Files\Oracle\Java\javapath;C:\Program Files (x86)\Common Files\Oracle\Java\javapath;C:\Windows\system32;C:\Windows;C:\Windows\System32\Wbem;C:\Windows\System32\WindowsPowerShell\v1.0\;C:\Program Files (x86)\NVIDIA Corporation\PhysX\Common;C:\Program Files\Intel\WiFi\bin\;C:\Program Files\Common Files\Intel\WirelessCommon\;C:\WINDOWS\system32;C:\WINDOWS;C:\WINDOWS\System32\Wbem;C:\WINDOWS\System32\WindowsPowerShell\v1.0\;C:\WINDOWS\System32\OpenSSH\;C:\ProgramData\chocolatey\bin;C:\gradle-6.6.1-bin\gradle-6.6.1\bin;C:\Program Files\Git\cmd;C:\Program Files\Amazon\AWSCLIV2\;C:\Program Files\nodejs\;C:\ProgramData\ComposerSetup\bin;C:\Program Files\dotnet\;C:\Program Files\Java\jdk-17.0.2\bin;;C:\Program Files\Docker\Docker\resources\bin;C:\Program Files\MySQL\MySQL Shell 8.0\bin\;C:\Users\Rohit Agarwal\AppData\Local\Microsoft\WindowsApps;C:\Users\Rohit Agarwal\AppData\Local\Microsoft\WindowsApps;C:\Users\Rohit Agarwal\AppData\Local\Programs\Microsoft VS Code\bin;C:\gradle-6.6.1-bin\gradle-6.6.1\bin;D:\flutter\flutter\bin;C:\Program Files\Amazon\AWSCLIV2\aws.exe;C:\Users\Rohit Agarwal\AppData\Roaming\npm;C:\php;C:\xampp\mysql\bin;C:\Users\Rohit Agarwal\AppData\Roaming\Composer\vendor\bin;C:\ProgramData\ComposerSetup\bin;C:\Users\Rohit Agarwal\AppData\Local\Android\Sdk\platform-tools;C:\Users\Rohit Agarwal\AppData\Local\Android\Sdk\emulator;C:\Program Files\OpenSSL-Win64\bin;C:\Program Files\Java\scripts;C:\Program Files\Java\jdk-17.0.2\bin;
USERNAME=Rohit Agarwal
OS=Windows_NT
PROCESSOR_IDENTIFIER=Intel64 Family 6 Model 94 Stepping 3, GenuineIntel



---------------  S Y S T E M  ---------------

OS:
 Windows 10 , 64 bit Build 19041 (10.0.19041.3393)
OS uptime: 0 days 18:53 hours
Hyper-V role detected

CPU: total 8 (initial active 8) (4 cores per cpu, 2 threads per core) family 6 model 94 stepping 3 microcode 0xcc, cx8, cmov, fxsr, ht, mmx, 3dnowpref, sse, sse2, sse3, ssse3, sse4.1, sse4.2, popcnt, lzcnt, tsc, tscinvbit, avx, avx2, aes, erms, clmul, bmi1, bmi2, rtm, adx, fma, vzeroupper, clflush, clflushopt, hv

Memory: 4k page, system-wide physical 16211M (2256M free)
TotalPageFile size 16211M (AvailPageFile size 123M)
current process WorkingSet (physical memory assigned to process): 10M, peak: 10M
current process commit charge ("private bytes"): 60M, peak: 314M

vm_info: OpenJDK 64-Bit Server VM (17.0.2+8-86) for windows-amd64 JRE (17.0.2+8-86), built on Dec  7 2021 21:49:10 by "mach5one" with MS VC++ 16.8 / 16.9 (VS2019)

END.
